2021-06-24 19:57:25.407  INFO 763 --- [main] lavalink.server.Launcher                 : 

[32m       .  [31m _                  _ _       _    [32m__ _ _
[32m      /\\ [31m| | __ ___   ____ _| (_)_ __ | | __[32m\ \ \ \
[32m     ( ( )[31m| |/ _` \ \ / / _` | | | '_ \| |/ /[32m \ \ \ \
[32m      \\/ [31m| | (_| |\ V / (_| | | | | | |   < [32m  ) ) ) )
[32m       '  [31m|_|\__,_| \_/ \__,_|_|_|_| |_|_|\_\[32m / / / /
[0m    =========================================[32m/_/_/_/[0m

	Version:        3.3.2.5
	Build:          1222
	Build time:     11.04.2021 08:07:27 UTC
	Branch          master
	Commit:         7b914f2
	Commit time:    09.04.2021 17:14:27 UTC
	JVM:            16.0.1
	Lavaplayer      1.3.76

2021-06-24 19:57:25.484  INFO 763 --- [main] lavalink.server.Launcher                 : Starting Launcher on MacBook-Pro.local with PID 763 (/Users/d0mi/Projects/DiscordBots/MasterBot/MasterBot/MasterBot/Lavalink/Lavalink.jar started by d0mi in /Users/d0mi/Projects/DiscordBots/MasterBot/MasterBot/MasterBot/Lavalink)
2021-06-24 19:57:25.484  INFO 763 --- [main] lavalink.server.Launcher                 : No active profile set, falling back to default profiles: default
2021-06-24 19:57:26.497  WARN 763 --- [main] io.undertow.websockets.jsr               : UT026010: Buffer pool was not set on WebSocketDeploymentInfo, the default pool will be used
2021-06-24 19:57:26.524  INFO 763 --- [main] io.undertow.servlet                      : Initializing Spring embedded WebApplicationContext
2021-06-24 19:57:26.524  INFO 763 --- [main] o.s.web.context.ContextLoader            : Root WebApplicationContext: initialization completed in 1004 ms
2021-06-24 19:57:26.807  WARN 763 --- [main] l.server.config.SentryConfiguration      : Turning off sentry
2021-06-24 19:57:27.072  INFO 763 --- [main] c.s.d.l.tools.GarbageCollectionMonitor   : GC monitoring enabled, reporting results every 2 minutes.
2021-06-24 19:57:27.263  INFO 763 --- [main] lavalink.server.config.KoeConfiguration  : OS: Mac OS X, Arch: x86_64
2021-06-24 19:57:27.263  WARN 763 --- [main] lavalink.server.config.KoeConfiguration  : This system and architecture appears to not support native audio sending! GC pauses may cause your bot to stutter during playback.
2021-06-24 19:57:27.484  INFO 763 --- [main] o.s.s.concurrent.ThreadPoolTaskExecutor  : Initializing ExecutorService 'applicationTaskExecutor'
2021-06-24 19:57:27.690  INFO 763 --- [main] org.xnio                                 : XNIO version 3.3.8.Final
2021-06-24 19:57:27.698  INFO 763 --- [main] org.xnio.nio                             : XNIO NIO Implementation Version 3.3.8.Final
2021-06-24 19:57:27.749  INFO 763 --- [main] o.s.b.w.e.u.UndertowServletWebServer     : Undertow started on port(s) 2333 (http) with context path ''
2021-06-24 19:57:27.751  INFO 763 --- [main] lavalink.server.Launcher                 : Started Launcher in 2.906 seconds (JVM running for 3.608)
2021-06-24 19:57:27.752  INFO 763 --- [main] lavalink.server.Launcher                 : You can safely ignore the big red warning about illegal reflection. See https://github.com/Frederikam/Lavalink/issues/295
2021-06-24 19:59:34.059  INFO 1031 --- [main] lavalink.server.Launcher                 : 

[32m       .  [31m _                  _ _       _    [32m__ _ _
[32m      /\\ [31m| | __ ___   ____ _| (_)_ __ | | __[32m\ \ \ \
[32m     ( ( )[31m| |/ _` \ \ / / _` | | | '_ \| |/ /[32m \ \ \ \
[32m      \\/ [31m| | (_| |\ V / (_| | | | | | |   < [32m  ) ) ) )
[32m       '  [31m|_|\__,_| \_/ \__,_|_|_|_| |_|_|\_\[32m / / / /
[0m    =========================================[32m/_/_/_/[0m

	Version:        3.3.2.5
	Build:          1222
	Build time:     11.04.2021 08:07:27 UTC
	Branch          master
	Commit:         7b914f2
	Commit time:    09.04.2021 17:14:27 UTC
	JVM:            16.0.1
	Lavaplayer      1.3.76

2021-06-24 19:59:34.134  INFO 1031 --- [main] lavalink.server.Launcher                 : Starting Launcher on MacBook-Pro.local with PID 1031 (/Users/d0mi/Projects/DiscordBots/MasterBot/MasterBot/MasterBot/Lavalink/Lavalink.jar started by d0mi in /Users/d0mi/Projects/DiscordBots/MasterBot/MasterBot/MasterBot/Lavalink)
2021-06-24 19:59:34.135  INFO 1031 --- [main] lavalink.server.Launcher                 : No active profile set, falling back to default profiles: default
2021-06-24 19:59:34.995  WARN 1031 --- [main] io.undertow.websockets.jsr               : UT026010: Buffer pool was not set on WebSocketDeploymentInfo, the default pool will be used
2021-06-24 19:59:35.014  INFO 1031 --- [main] io.undertow.servlet                      : Initializing Spring embedded WebApplicationContext
2021-06-24 19:59:35.014  INFO 1031 --- [main] o.s.web.context.ContextLoader            : Root WebApplicationContext: initialization completed in 848 ms
2021-06-24 19:59:35.267  WARN 1031 --- [main] l.server.config.SentryConfiguration      : Turning off sentry
2021-06-24 19:59:35.479  INFO 1031 --- [main] c.s.d.l.tools.GarbageCollectionMonitor   : GC monitoring enabled, reporting results every 2 minutes.
2021-06-24 19:59:35.639  INFO 1031 --- [main] lavalink.server.config.KoeConfiguration  : OS: Mac OS X, Arch: x86_64
2021-06-24 19:59:35.639  WARN 1031 --- [main] lavalink.server.config.KoeConfiguration  : This system and architecture appears to not support native audio sending! GC pauses may cause your bot to stutter during playback.
2021-06-24 19:59:35.818  INFO 1031 --- [main] o.s.s.concurrent.ThreadPoolTaskExecutor  : Initializing ExecutorService 'applicationTaskExecutor'
2021-06-24 19:59:36.044  INFO 1031 --- [main] org.xnio                                 : XNIO version 3.3.8.Final
2021-06-24 19:59:36.053  INFO 1031 --- [main] org.xnio.nio                             : XNIO NIO Implementation Version 3.3.8.Final
2021-06-24 19:59:36.108  INFO 1031 --- [main] o.s.b.w.e.u.UndertowServletWebServer     : Undertow started on port(s) 2333 (http) with context path ''
2021-06-24 19:59:36.110  INFO 1031 --- [main] lavalink.server.Launcher                 : Started Launcher in 2.644 seconds (JVM running for 2.985)
2021-06-24 19:59:36.112  INFO 1031 --- [main] lavalink.server.Launcher                 : You can safely ignore the big red warning about illegal reflection. See https://github.com/Frederikam/Lavalink/issues/295
2021-06-24 20:23:20.697  INFO 1031 --- [XNIO-1 task-1] io.undertow.servlet                      : Initializing Spring DispatcherServlet 'dispatcherServlet'
2021-06-24 20:23:20.698  INFO 1031 --- [XNIO-1 task-1] o.s.web.servlet.DispatcherServlet        : Initializing Servlet 'dispatcherServlet'
2021-06-24 20:23:20.709  INFO 1031 --- [XNIO-1 task-1] o.s.web.servlet.DispatcherServlet        : Completed initialization in 10 ms
2021-06-24 20:23:20.736  INFO 1031 --- [XNIO-1 task-1] l.server.io.HandshakeInterceptorImpl     : Incoming connection from /127.0.0.1:52978
2021-06-24 20:23:20.821  INFO 1031 --- [XNIO-1 task-1] lavalink.server.io.SocketServer          : Connection successfully established from /127.0.0.1:52978
2021-06-24 20:23:21.106  WARN 1031 --- [pool-1-thread-1] oshi.software.os.mac.MacOSVersionInfoEx  : Unable to parse version 11.4 to a codename.
2021-06-24 20:23:21.118 ERROR 1031 --- [pool-1-thread-1] oshi.software.os.mac.MacOperatingSystem  : Failed syctl call: kern.procargs2, Error code: 22
2021-06-24 20:26:20.832 ERROR 1031 --- [pool-1-thread-1] oshi.software.os.mac.MacOperatingSystem  : Failed syctl call: kern.procargs2, Error code: 22
2021-06-24 20:30:20.838 ERROR 1031 --- [pool-1-thread-1] oshi.software.os.mac.MacOperatingSystem  : Failed syctl call: kern.procargs2, Error code: 22
2021-06-24 20:31:20.840 ERROR 1031 --- [pool-1-thread-1] oshi.software.os.mac.MacOperatingSystem  : Failed syctl call: kern.procargs2, Error code: 22
2021-06-24 20:32:20.841 ERROR 1031 --- [pool-1-thread-1] oshi.software.os.mac.MacOperatingSystem  : Failed syctl call: kern.procargs2, Error code: 22
2021-06-24 20:35:20.846 ERROR 1031 --- [pool-1-thread-1] oshi.software.os.mac.MacOperatingSystem  : Failed syctl call: kern.procargs2, Error code: 22
2021-06-24 20:38:20.852 ERROR 1031 --- [pool-1-thread-1] oshi.software.os.mac.MacOperatingSystem  : Failed syctl call: kern.procargs2, Error code: 22
2021-06-24 20:39:04.229  INFO 1031 --- [XNIO-1 I/O-10] lavalink.server.io.SocketServer          : Connection closed from /127.0.0.1:52978 -- CloseStatus[code=1000, reason=Requested.]
2021-06-24 20:39:04.230  INFO 1031 --- [XNIO-1 I/O-10] lavalink.server.io.SocketContext         : Shutting down 0 playing players.
2021-06-24 20:39:10.699  INFO 1031 --- [XNIO-1 task-2] l.server.io.HandshakeInterceptorImpl     : Incoming connection from /127.0.0.1:53257
2021-06-24 20:39:10.702  INFO 1031 --- [XNIO-1 task-2] lavalink.server.io.SocketServer          : Connection successfully established from /127.0.0.1:53257
2021-06-24 20:39:10.703  WARN 1031 --- [pool-2-thread-1] oshi.software.os.mac.MacOSVersionInfoEx  : Unable to parse version 11.4 to a codename.
2021-06-24 20:39:10.705 ERROR 1031 --- [pool-2-thread-1] oshi.software.os.mac.MacOperatingSystem  : Failed syctl call: kern.procargs2, Error code: 22
2021-06-24 20:39:24.887  INFO 1031 --- [Thread-1] o.s.s.concurrent.ThreadPoolTaskExecutor  : Shutting down ExecutorService 'applicationTaskExecutor'
2021-06-24 20:39:24.888  INFO 1031 --- [Thread-1] c.s.d.l.tools.GarbageCollectionMonitor   : GC monitoring disabled.
2021-06-24 20:39:24.891  INFO 1031 --- [Thread-1] io.undertow.servlet                      : Destroying Spring FrameworkServlet 'dispatcherServlet'
2021-06-24 20:39:24.896 ERROR 1031 --- [XNIO-1 I/O-1] org.xnio.listener                        : XNIO001007: A channel event listener threw an exception

java.util.concurrent.RejectedExecutionException: XNIO007007: Thread is terminating
	at org.xnio.nio.WorkerThread.execute(WorkerThread.java:590) ~[xnio-nio-3.3.8.Final.jar!/:3.3.8.Final]
	at io.undertow.websockets.jsr.UndertowSession$3.handleEvent(UndertowSession.java:396) ~[undertow-websockets-jsr-2.0.26.Final.jar!/:2.0.26.Final]
	at io.undertow.websockets.jsr.UndertowSession$3.handleEvent(UndertowSession.java:388) ~[undertow-websockets-jsr-2.0.26.Final.jar!/:2.0.26.Final]
	at org.xnio.ChannelListeners.invokeChannelListener(ChannelListeners.java:92) ~[xnio-api-3.3.8.Final.jar!/:3.3.8.Final]
	at io.undertow.server.protocol.framed.AbstractFramedChannel$FrameCloseListener.handleEvent(AbstractFramedChannel.java:1063) ~[undertow-core-2.0.26.Final.jar!/:2.0.26.Final]
	at io.undertow.server.protocol.framed.AbstractFramedChannel$FrameCloseListener.handleEvent(AbstractFramedChannel.java:978) ~[undertow-core-2.0.26.Final.jar!/:2.0.26.Final]
	at org.xnio.ChannelListeners.invokeChannelListener(ChannelListeners.java:92) ~[xnio-api-3.3.8.Final.jar!/:3.3.8.Final]
	at org.xnio.conduits.WriteReadyHandler$ChannelListenerHandler.terminated(WriteReadyHandler.java:70) ~[xnio-api-3.3.8.Final.jar!/:3.3.8.Final]
	at org.xnio.nio.NioSocketConduit.writeTerminated(NioSocketConduit.java:234) ~[xnio-nio-3.3.8.Final.jar!/:3.3.8.Final]
	at org.xnio.nio.NioSocketConduit.terminateWrites(NioSocketConduit.java:223) ~[xnio-nio-3.3.8.Final.jar!/:3.3.8.Final]
	at org.xnio.nio.NioSocketConduit.truncateWrites(NioSocketConduit.java:228) ~[xnio-nio-3.3.8.Final.jar!/:3.3.8.Final]
	at io.undertow.conduits.IdleTimeoutConduit.truncateWrites(IdleTimeoutConduit.java:387) ~[undertow-core-2.0.26.Final.jar!/:2.0.26.Final]
	at org.xnio.conduits.ConduitStreamSinkChannel.close(ConduitStreamSinkChannel.java:186) ~[xnio-api-3.3.8.Final.jar!/:3.3.8.Final]
	at org.xnio.IoUtils.safeClose(IoUtils.java:134) ~[xnio-api-3.3.8.Final.jar!/:3.3.8.Final]
	at org.xnio.conduits.WriteReadyHandler$ChannelListenerHandler.forceTermination(WriteReadyHandler.java:57) ~[xnio-api-3.3.8.Final.jar!/:3.3.8.Final]
	at org.xnio.nio.NioSocketConduit.forceTermination(NioSocketConduit.java:107) ~[xnio-nio-3.3.8.Final.jar!/:3.3.8.Final]
	at org.xnio.nio.WorkerThread.run(WorkerThread.java:494) ~[xnio-nio-3.3.8.Final.jar!/:3.3.8.Final]

